OK: Counter-Strike 2
OK: Dota 2
OK: PUBG: BATTLEGROUNDS
OK: Bongo Cat
OK: Apex Legends™
OK: Rust
OK: Slay the Spire 2
OK: Delta Force
OK: Wallpaper Engine
OK: Grand Theft Auto V Legacy
OK: FiveM
OK: ARC Raiders
OK: War Thunder
OK: Warframe
OK: World of Warships
OK: Team Fortress 2
OK: Stardew Valley
OK: Grand Theft Auto V Enhanced
OK: Geometry Dash
OK: Limbus Company
OK: R.E.P.O.
OK: Crimson Desert
OK: Deadlock
OK: VRChat
OK: Windrose
OK: Diablo® IV
OK: Marvel Rivals
OK: Dead by Daylight
OK: DayZ
OK: Hearts of Iron IV
OK: Overwatch®
OK: Tom Clancy's Rainbow Six Siege
OK: BidKing
OK: Counter-Strike:Global Offensive
OK: Crosshair X
OK: NARAKA: BLADEPOINT
OK: Sid Meier’s Civilization® VI
OK: PAYDAY 2
OK: Baldur's Gate 3
OK: Counter-Strike: Source
OK: EA SPORTS FC™ 26
OK: Heroes of Might and Magic: Olden Era
OK: Don't Starve Together
OK: Football Manager 26
OK: RimWorld
OK: Cyberpunk 2077
OK: NBA 2K26
OK: ELDEN RING
OK: Euro Truck Simulator 2
OK: HELLDIVERS™ 2
OK: tModLoader
OK: Conan Exiles Enhanced
OK: Terraria
OK: Mount & Blade II: Bannerlord
OK: Black Desert
OK: Battlefield™ 6
OK: Project Zomboid
OK: Red Dead Redemption 2
OK: OBS Studio
OK: Garry's Mod
OK: Street Fighter™ 6
OK: Farming Simulator 25
OK: ARK: Survival Ascended
OK: The Sims™ 4
OK: Call of Duty®
OK: STALCRAFT: X
OK: Wuthering Waves
OK: ELDEN RING NIGHTREIGN
OK: Where Winds Meet
OK: Heartopia
OK: Total War: WARHAMMER III
OK: The Elder Scrolls V: Skyrim Special Edition
OK: Unturned
OK: 7 Days to Die
OK: BeamNG.drive
OK: Arena Breakout: Infinite
OK: FINAL FANTASY XIV Online
OK: Crusader Kings III
OK: Russian Fishing 4
OK: ARK: Survival Evolved
OK: Slay the Spire
OK: Football Manager 2024
OK: The Binding of Isaac: Rebirth
OK: Palworld
OK: Monster Hunter: World
OK: Factorio
OK: Far Far West
OK: MIR4
OK: Stellaris
OK: Soundpad
OK: Blender
OK: Age of Empires II: Definitive Edition
OK: Hunt: Showdown 1896
OK: Escape from Tarkov
OK: Yu-Gi-Oh! Master Duel
OK: Everything is Crab: The Animal Evolution Roguelite
OK: Satisfactory
OK: Left 4 Dead 2
OK: Squad
OK: Sid Meier's Civilization® V
Proceso terminado
